ha comenzado...

1: goto 11;
2: write "Error, el salto del bucle for debe ser distinto de 0";
3: writeln;
4: goto 107;
5: write "Error, el bucle tipo for es infinito";
6: writeln;
7: goto 107;
8: write "Error, división entre 0. Resultado indefinido";
9: writeln;
10: goto 107;
11: proc main;
12: int a;
13: int b;
14: int c;
15: real d;
16: real e;
17: read a;
18: read b;
19: if b = 0 goto 8;
20: _t1:=1.0/b;
21: d := _t1;
22: if a = 0 goto 8;
23: _t2:=0.1e-1/a;
24: e := _t2;
25: _t3:=c*b;
26: _t4:=c*_t3;
27: _t5:=_t4+a;
28: c := _t5;
29: _t6:=c*c;
30: write _t6;
31: writeln;
32: if c=a goto 41;
33: goto 34;
34: _t7:=a+1;
35: _t8:=1*2;
36: _t9:=a-_t8;
37: if _t7=_t9 goto 43;
38: goto 39;
39: if c>1 goto 41;
40: goto 43;
41: c := 1;
42: goto 77;
43: _t10:=a-1;
44: if c=_t10 goto 46;
45: goto 48;
46: c := 2;
47: goto 77;
48: if c>b goto 50;
49: goto 52;
50: c := b;
51: goto 77;
52: _t11:=3+1;
53: _t12:=7-1;
54: _t13:=3-9;
55: if _t13 = 0 goto 2;
56: if _t13 > 0 goto 58;
57: goto 60;
58: if _t11 > _t12 goto 5;
59: goto 61;
60: if _t11 < _t12 goto 5;
61: int i;
62: i := _t11;
63: if _t13 > 0 goto 65;
64: goto 69;
65: if i >= _t11 goto 67;
66: goto 77;
67: if i <= _t12 goto 73;
68: goto 77;
69: if i >= _t12 goto 71;
70: goto 77;
71: if i <= _t11 goto 73;
72: goto 77;
73: _t14:=c+1;
74: c := _t14;
75: i := i + _t13;
76: goto 63;
77: _t15:=c*c;
78: _t16:=_t15*c;
79: write _t16;
80: writeln;
81: _t17:=c*2;
82: if 2 = _t17 goto 84;
83: goto 86;
84: c := 1;
85: goto 88;
86: if 5 = _t17 goto 88;
87: goto 90;
88: c := 2;
89: goto 90;
90: c := 3;
91: _t18:=c*4;
92: write _t18;
93: writeln;
94: if 5 = c goto 96;
95: goto 99;
96: c := 0;
97: goto 107;
98: goto 101;
99: if 3 = c goto 101;
100: goto 103;
101: c := 1;
102: goto 105;
103: if 2 = c goto 105;
104: goto 107;
105: c := 2;
106: goto 107;
107: halt;
ha finalizado BIEN...

