ha comenzado...

1: goto 11;
2: write "Error, el salto del bucle for debe ser distinto de 0";
3: writeln;
4: goto 90;
5: write "Error, el bucle tipo for es infinito";
6: writeln;
7: goto 90;
8: write "Error, división entre 0. Resultado indefinido";
9: writeln;
10: goto 90;
11: proc main;
12: int a;
13: int b;
14: int c;
15: real d;
16: real e;
17: proc sumar;
18: val_int x;
19: val_int y;
20: ref_int resul;
21: int aux;
22: int vueltas;
23: proc sumar2;
24: val_int x;
25: val_int y;
26: ref_int resul;
27: int aux;
28: int vueltas;
29: proc sumar3;
30: val_int x;
31: val_int y;
32: ref_int resul;
33: int aux;
34: int vueltas;
35: _t1:=x+y;
36: _t2:=_t1+a;
37: _t3:=y-x;
38: _t4:=_t3-b;
39: param_val _t2;
40: param_val _t4;
41: param_ref aux;
42: call sumar;
43: endproc sumar3;
44: aux := y;
45: endproc sumar2;
46: aux := y;
47: resul := x;
48: if resul<1000 goto 50;
49: goto 68;
50: vueltas := 0;
51: if aux=0 goto 53;
52: goto 63;
53: _t5:=resul+1;
54: resul := _t5;
55: if resul>1000000 goto 63;
56: goto 57;
57: _t6:=aux-1;
58: aux := _t6;
59: _t7:=vueltas+1;
60: vueltas := _t7;
61: goto 51;
62: goto 51;
63: if resul<0 goto 65;
64: goto 66;
65: goto 51;
66: write vueltas;
67: writeln;
68: endproc sumar;
69: read a;
70: read b;
71: if b = 0 goto 8;
72: _t8:=1.0/b;
73: d := _t8;
74: if a = 0 goto 8;
75: _t9:=0.1e-1/a;
76: e := _t9;
77: _t10:=a+8;
78: _t11:=b*b;
79: param_val _t10;
80: param_val _t11;
81: param_ref c;
82: call sumar;
83: _t12:=c*a;
84: _t13:=c*_t12;
85: _t14:=_t13+b;
86: c := _t14;
87: _t15:=c*c;
88: write _t15;
89: writeln;
90: halt;
ha finalizado BIEN...

